<?xml version="1.0" encoding="UTF-8"?>
<!-- Generated by org.testng.reporters.JUnitReportReporter -->
<testsuite hostname="JANI" failures="0" tests="1" name="SampleTestNG.FileUpload" time="8.053" errors="0" timestamp="2024-08-25T19:48:11 IST" skipped="0">
  <testcase classname="SampleTestNG.FileUpload" name="setUp" time="8.053"/>
</testsuite> <!-- SampleTestNG.FileUpload -->
